..\JoesApplet\bin\Debug\GpuzShMem.ilk
..\JoesApplet\bin\Debug\GpuzShMem.pdb
C:\Users\Johann\Documents\Visual Studio 2010\Projects\JoesApplet\GpuzShMem\..\JoesApplet\bin\Debug\GpuzShMem.dll
C:\USERS\JOHANN\DOCUMENTS\VISUAL STUDIO 2010\PROJECTS\JOESAPPLET\GPUZSHMEM\DEBUG\.NETFRAMEWORK,VERSION=V4.0.ASSEMBLYATTRIBUTES.OBJ
C:\Users\Johann\Documents\Visual Studio 2010\Projects\JoesApplet\GpuzShMem\Debug\cl.command.1.tlog
C:\Users\Johann\Documents\Visual Studio 2010\Projects\JoesApplet\GpuzShMem\Debug\CL.read.1.tlog
C:\Users\Johann\Documents\Visual Studio 2010\Projects\JoesApplet\GpuzShMem\Debug\CL.write.1.tlog
C:\USERS\JOHANN\DOCUMENTS\VISUAL STUDIO 2010\PROJECTS\JOESAPPLET\GPUZSHMEM\DEBUG\GPUZSHMEM.DLL.INTERMEDIATE.MANIFEST
C:\USERS\JOHANN\DOCUMENTS\VISUAL STUDIO 2010\PROJECTS\JOESAPPLET\GPUZSHMEM\DEBUG\GPUZSHMEM.OBJ
C:\Users\Johann\Documents\Visual Studio 2010\Projects\JoesApplet\GpuzShMem\Debug\GpuzShMem.write.1.tlog
C:\Users\Johann\Documents\Visual Studio 2010\Projects\JoesApplet\GpuzShMem\Debug\link.3056.read.1.tlog
C:\Users\Johann\Documents\Visual Studio 2010\Projects\JoesApplet\GpuzShMem\Debug\link.3056.write.1.tlog
C:\Users\Johann\Documents\Visual Studio 2010\Projects\JoesApplet\GpuzShMem\Debug\link.command.1.tlog
C:\Users\Johann\Documents\Visual Studio 2010\Projects\JoesApplet\GpuzShMem\Debug\link.read.1.tlog
C:\Users\Johann\Documents\Visual Studio 2010\Projects\JoesApplet\GpuzShMem\Debug\link.write.1.tlog
C:\Users\Johann\Documents\Visual Studio 2010\Projects\JoesApplet\GpuzShMem\Debug\mt.command.1.tlog
C:\Users\Johann\Documents\Visual Studio 2010\Projects\JoesApplet\GpuzShMem\Debug\mt.read.1.tlog
C:\Users\Johann\Documents\Visual Studio 2010\Projects\JoesApplet\GpuzShMem\Debug\mt.write.1.tlog
C:\USERS\JOHANN\DOCUMENTS\VISUAL STUDIO 2010\PROJECTS\JOESAPPLET\GPUZSHMEM\DEBUG\VC100.PDB
C:\USERS\JOHANN\DOCUMENTS\VISUAL STUDIO 2010\PROJECTS\JOESAPPLET\JOESAPPLET\BIN\DEBUG\GPUZSHMEM.DLL
C:\Users\Johann\Documents\Visual Studio 2010\Projects\JoesApplet\JoesApplet\bin\Debug\GpuzShMem.exp
C:\USERS\JOHANN\DOCUMENTS\VISUAL STUDIO 2010\PROJECTS\JOESAPPLET\JOESAPPLET\BIN\DEBUG\GPUZSHMEM.ILK
C:\Users\Johann\Documents\Visual Studio 2010\Projects\JoesApplet\JoesApplet\bin\Debug\GpuzShMem.lib
C:\USERS\JOHANN\DOCUMENTS\VISUAL STUDIO 2010\PROJECTS\JOESAPPLET\JOESAPPLET\BIN\DEBUG\GPUZSHMEM.PDB
