..\JoesApplet\bin\Release\GpuzShMem.pdb
C:\Users\Johann\Documents\Visual Studio 2010\Projects\JoesApplet\GpuzShMem\..\JoesApplet\bin\Release\GpuzShMem.dll
C:\USERS\JOHANN\DOCUMENTS\VISUAL STUDIO 2010\PROJECTS\JOESAPPLET\GPUZSHMEM\RELEASE\.NETFRAMEWORK,VERSION=V4.0.ASSEMBLYATTRIBUTES.OBJ
C:\Users\Johann\Documents\Visual Studio 2010\Projects\JoesApplet\GpuzShMem\Release\cl.command.1.tlog
C:\Users\Johann\Documents\Visual Studio 2010\Projects\JoesApplet\GpuzShMem\Release\CL.read.1.tlog
C:\Users\Johann\Documents\Visual Studio 2010\Projects\JoesApplet\GpuzShMem\Release\CL.write.1.tlog
C:\USERS\JOHANN\DOCUMENTS\VISUAL STUDIO 2010\PROJECTS\JOESAPPLET\GPUZSHMEM\RELEASE\GPUZSHMEM.DLL.INTERMEDIATE.MANIFEST
C:\USERS\JOHANN\DOCUMENTS\VISUAL STUDIO 2010\PROJECTS\JOESAPPLET\GPUZSHMEM\RELEASE\GPUZSHMEM.OBJ
C:\Users\Johann\Documents\Visual Studio 2010\Projects\JoesApplet\GpuzShMem\Release\GpuzShMem.write.1.tlog
C:\Users\Johann\Documents\Visual Studio 2010\Projects\JoesApplet\GpuzShMem\Release\link.command.1.tlog
C:\Users\Johann\Documents\Visual Studio 2010\Projects\JoesApplet\GpuzShMem\Release\link.read.1.tlog
C:\Users\Johann\Documents\Visual Studio 2010\Projects\JoesApplet\GpuzShMem\Release\link.write.1.tlog
C:\Users\Johann\Documents\Visual Studio 2010\Projects\JoesApplet\GpuzShMem\Release\mt.command.1.tlog
C:\Users\Johann\Documents\Visual Studio 2010\Projects\JoesApplet\GpuzShMem\Release\mt.read.1.tlog
C:\Users\Johann\Documents\Visual Studio 2010\Projects\JoesApplet\GpuzShMem\Release\mt.write.1.tlog
C:\USERS\JOHANN\DOCUMENTS\VISUAL STUDIO 2010\PROJECTS\JOESAPPLET\GPUZSHMEM\RELEASE\VC100.PDB
C:\USERS\JOHANN\DOCUMENTS\VISUAL STUDIO 2010\PROJECTS\JOESAPPLET\JOESAPPLET\BIN\RELEASE\GPUZSHMEM.DLL
C:\Users\Johann\Documents\Visual Studio 2010\Projects\JoesApplet\JoesApplet\bin\Release\GpuzShMem.exp
C:\Users\Johann\Documents\Visual Studio 2010\Projects\JoesApplet\JoesApplet\bin\Release\GpuzShMem.lib
C:\USERS\JOHANN\DOCUMENTS\VISUAL STUDIO 2010\PROJECTS\JOESAPPLET\JOESAPPLET\BIN\RELEASE\GPUZSHMEM.PDB
